Flow report for CronoAudioDP
Sun May 29 10:39:55 2016
Quartus II 32-bit Version 12.1 Build 243 01/31/2013 Service Pack 1 SJ Web Edition


---------------------
; Table of Contents ;
---------------------
  1. Legal Notice
  2. Flow Summary
  3. Flow Settings
  4. Flow Non-Default Global Settings
  5. Flow Elapsed Time
  6. Flow OS Summary
  7. Flow Log



----------------
; Legal Notice ;
----------------
Copyright (C) 1991-2012 Altera Corporation
Your use of Altera Corporation's design tools, logic functions 
and other software and tools, and its AMPP partner logic 
functions, and any output files from any of the foregoing 
(including device programming or simulation files), and any 
associated documentation or information are expressly subject 
to the terms and conditions of the Altera Program License 
Subscription Agreement, Altera MegaCore Function License 
Agreement, or other applicable license agreement, including, 
without limitation, that your use is for the sole purpose of 
programming logic devices manufactured by Altera and sold by 
Altera or its authorized distributors.  Please refer to the 
applicable agreement for further details.



+------------------------------------------------------------------------------------+
; Flow Summary                                                                       ;
+------------------------------------+-----------------------------------------------+
; Flow Status                        ; Successful - Sun May 29 10:39:55 2016         ;
; Quartus II 32-bit Version          ; 12.1 Build 243 01/31/2013 SP 1 SJ Web Edition ;
; Revision Name                      ; CronoAudioDP                                  ;
; Top-level Entity Name              ; cpu                                           ;
; Family                             ; Cyclone II                                    ;
; Device                             ; EP2C20F484C7                                  ;
; Timing Models                      ; Final                                         ;
; Total logic elements               ; 6,580 / 18,752 ( 35 % )                       ;
;     Total combinational functions  ; 6,505 / 18,752 ( 35 % )                       ;
;     Dedicated logic registers      ; 290 / 18,752 ( 2 % )                          ;
; Total registers                    ; 290                                           ;
; Total pins                         ; 97 / 315 ( 31 % )                             ;
; Total virtual pins                 ; 0                                             ;
; Total memory bits                  ; 0 / 239,616 ( 0 % )                           ;
; Embedded Multiplier 9-bit elements ; 0 / 52 ( 0 % )                                ;
; Total PLLs                         ; 1 / 4 ( 25 % )                                ;
+------------------------------------+-----------------------------------------------+


+-----------------------------------------+
; Flow Settings                           ;
+-------------------+---------------------+
; Option            ; Setting             ;
+-------------------+---------------------+
; Start date & time ; 05/29/2016 10:36:17 ;
; Main task         ; Compilation         ;
; Revision Name     ; CronoAudioDP        ;
+-------------------+---------------------+


+---------------------------------------------------------------------------------------------------------------------+
; Flow Non-Default Global Settings                                                                                    ;
+-------------------------------------+--------------------------------+---------------+-------------+----------------+
; Assignment Name                     ; Value                          ; Default Value ; Entity Name ; Section Id     ;
+-------------------------------------+--------------------------------+---------------+-------------+----------------+
; COMPILER_SIGNATURE_ID               ; 10995770589184.146451457706012 ; --            ; --          ; --             ;
; EDA_OUTPUT_DATA_FORMAT              ; Verilog Hdl                    ; --            ; --          ; eda_simulation ;
; EDA_SIMULATION_TOOL                 ; ModelSim-Altera (Verilog)      ; <None>        ; --          ; --             ;
; MAX_CORE_JUNCTION_TEMP              ; 85                             ; --            ; --          ; --             ;
; MIN_CORE_JUNCTION_TEMP              ; 0                              ; --            ; --          ; --             ;
; PARTITION_COLOR                     ; 16764057                       ; --            ; cpu         ; Top            ;
; PARTITION_FITTER_PRESERVATION_LEVEL ; PLACEMENT_AND_ROUTING          ; --            ; cpu         ; Top            ;
; PARTITION_NETLIST_TYPE              ; SOURCE                         ; --            ; cpu         ; Top            ;
; PROJECT_OUTPUT_DIRECTORY            ; output_files                   ; --            ; --          ; --             ;
; TOP_LEVEL_ENTITY                    ; cpu                            ; CronoAudioDP  ; --          ; --             ;
+-------------------------------------+--------------------------------+---------------+-------------+----------------+


+-------------------------------------------------------------------------------------------------------------------------------+
; Flow Elapsed Time                                                                                                             ;
+---------------------------+--------------+-------------------------+---------------------+------------------------------------+
; Module Name               ; Elapsed Time ; Average Processors Used ; Peak Virtual Memory ; Total CPU Time (on all processors) ;
+---------------------------+--------------+-------------------------+---------------------+------------------------------------+
; Analysis & Synthesis      ; 00:00:35     ; 1.0                     ; 439 MB              ; 00:00:33                           ;
; Fitter                    ; 00:01:13     ; 1.6                     ; 553 MB              ; 00:01:37                           ;
; Assembler                 ; 00:00:04     ; 1.0                     ; 405 MB              ; 00:00:03                           ;
; TimeQuest Timing Analyzer ; 00:01:27     ; 2.0                     ; 832 MB              ; 00:01:23                           ;
; EDA Netlist Writer        ; 00:00:06     ; 1.0                     ; 392 MB              ; 00:00:05                           ;
; Total                     ; 00:03:25     ; --                      ; --                  ; 00:03:41                           ;
+---------------------------+--------------+-------------------------+---------------------+------------------------------------+


+----------------------------------------------------------------------------------------+
; Flow OS Summary                                                                        ;
+---------------------------+------------------+-----------+------------+----------------+
; Module Name               ; Machine Hostname ; OS Name   ; OS Version ; Processor type ;
+---------------------------+------------------+-----------+------------+----------------+
; Analysis & Synthesis      ; AleDelgado       ; Windows 7 ; 6.2        ; x86_64         ;
; Fitter                    ; AleDelgado       ; Windows 7 ; 6.2        ; x86_64         ;
; Assembler                 ; AleDelgado       ; Windows 7 ; 6.2        ; x86_64         ;
; TimeQuest Timing Analyzer ; AleDelgado       ; Windows 7 ; 6.2        ; x86_64         ;
; EDA Netlist Writer        ; AleDelgado       ; Windows 7 ; 6.2        ; x86_64         ;
+---------------------------+------------------+-----------+------------+----------------+


------------
; Flow Log ;
------------
quartus_map --read_settings_files=on --write_settings_files=off CronoAudioDP -c CronoAudioDP
quartus_fit --read_settings_files=off --write_settings_files=off CronoAudioDP -c CronoAudioDP
quartus_asm --read_settings_files=off --write_settings_files=off CronoAudioDP -c CronoAudioDP
quartus_sta CronoAudioDP -c CronoAudioDP
quartus_eda --read_settings_files=off --write_settings_files=off CronoAudioDP -c CronoAudioDP



